<?xml version="1.0" encoding="UTF-8"?>
<!-- Generated by org.testng.reporters.JUnitXMLReporter -->
<testsuite hostname="DESKTOP-BAVM4N2" name="Test" tests="1" failures="1" timestamp="11 May 2021 11:56:53 GMT" time="149.913" errors="0">
  <testcase name="testNoBroker" time="139.214" classname="TestClasses.TestClass1">
    <failure type="org.openqa.selenium.NoSuchElementException" message="An element could not be located on the page using the given search parameters.
For documentation on this error, please visit: https://www.seleniumhq.org/exceptions/no_such_element.html
Build info: version: &amp;apos;3.141.59&amp;apos;, revision: &amp;apos;e82be7d358&amp;apos;, time: &amp;apos;2018-11-14T08:17:03&amp;apos;
System info: host: &amp;apos;DESKTOP-BAVM4N2&amp;apos;, ip: &amp;apos;192.168.43.86&amp;apos;, os.name: &amp;apos;Windows 10&amp;apos;, os.arch: &amp;apos;amd64&amp;apos;, os.version: &amp;apos;10.0&amp;apos;, java.version: &amp;apos;1.8.0_281&amp;apos;
Driver info: io.appium.java_client.android.AndroidDriver
Capabilities {appActivity: com.nobroker.app.activities..., appPackage: com.nobroker.app, automationName: UiAutomator1, databaseEnabled: false, desired: {appActivity: com.nobroker.app.activities..., appPackage: com.nobroker.app, automationName: UiAutomator1, deviceName: ASUS_ZENFONE, platformName: android, platformVersion: 9, udid: J7AAB760J077KYZ}, deviceManufacturer: asus, deviceModel: ASUS_X00TD, deviceName: J7AAB760J077KYZ, deviceScreenSize: 1080x2160, deviceUDID: J7AAB760J077KYZ, javascriptEnabled: true, locationContextEnabled: false, networkConnectionEnabled: true, platform: LINUX, platformName: Android, platformVersion: 9, takesScreenshot: true, udid: J7AAB760J077KYZ, warnings: {}, webStorageEnabled: false}
Session ID: fee7bdae-b192-4189-a526-c49b952608ae
*** Element info: {Using=id, value=com.nobroker.app:id/tv_report_wrong_info}">
      <![CDATA[org.openqa.selenium.NoSuchElementException: An element could not be located on the page using the given search parameters.
For documentation on this error, please visit: https://www.seleniumhq.org/exceptions/no_such_element.html
Build info: version: '3.141.59', revision: 'e82be7d358', time: '2018-11-14T08:17:03'
System info: host: 'DESKTOP-BAVM4N2', ip: '192.168.43.86', os.name: 'Windows 10', os.arch: 'amd64', os.version: '10.0', java.version: '1.8.0_281'
Driver info: io.appium.java_client.android.AndroidDriver
Capabilities {appActivity: com.nobroker.app.activities..., appPackage: com.nobroker.app, automationName: UiAutomator1, databaseEnabled: false, desired: {appActivity: com.nobroker.app.activities..., appPackage: com.nobroker.app, automationName: UiAutomator1, deviceName: ASUS_ZENFONE, platformName: android, platformVersion: 9, udid: J7AAB760J077KYZ}, deviceManufacturer: asus, deviceModel: ASUS_X00TD, deviceName: J7AAB760J077KYZ, deviceScreenSize: 1080x2160, deviceUDID: J7AAB760J077KYZ, javascriptEnabled: true, locationContextEnabled: false, networkConnectionEnabled: true, platform: LINUX, platformName: Android, platformVersion: 9, takesScreenshot: true, udid: J7AAB760J077KYZ, warnings: {}, webStorageEnabled: false}
Session ID: fee7bdae-b192-4189-a526-c49b952608ae
*** Element info: {Using=id, value=com.nobroker.app:id/tv_report_wrong_info}
	at org.openqa.selenium.remote.http.W3CHttpResponseCodec.createException(W3CHttpResponseCodec.java:187)
	at org.openqa.selenium.remote.http.W3CHttpResponseCodec.decode(W3CHttpResponseCodec.java:122)
	at org.openqa.selenium.remote.http.W3CHttpResponseCodec.decode(W3CHttpResponseCodec.java:49)
	at org.openqa.selenium.remote.HttpCommandExecutor.execute(HttpCommandExecutor.java:158)
	at io.appium.java_client.remote.AppiumCommandExecutor.execute(AppiumCommandExecutor.java:239)
	at org.openqa.selenium.remote.RemoteWebDriver.execute(RemoteWebDriver.java:552)
	at io.appium.java_client.DefaultGenericMobileDriver.execute(DefaultGenericMobileDriver.java:42)
	at io.appium.java_client.AppiumDriver.execute(AppiumDriver.java:1)
	at io.appium.java_client.android.AndroidDriver.execute(AndroidDriver.java:1)
	at org.openqa.selenium.remote.RemoteWebDriver.findElement(RemoteWebDriver.java:323)
	at io.appium.java_client.DefaultGenericMobileDriver.findElement(DefaultGenericMobileDriver.java:62)
	at io.appium.java_client.AppiumDriver.findElement(AppiumDriver.java:1)
	at io.appium.java_client.android.AndroidDriver.findElement(AndroidDriver.java:1)
	at org.openqa.selenium.remote.RemoteWebDriver.findElementById(RemoteWebDriver.java:372)
	at io.appium.java_client.DefaultGenericMobileDriver.findElementById(DefaultGenericMobileDriver.java:70)
	at io.appium.java_client.AppiumDriver.findElementById(AppiumDriver.java:1)
	at io.appium.java_client.android.AndroidDriver.findElementById(AndroidDriver.java:1)
	at org.openqa.selenium.By$ById.findElement(By.java:188)
	at org.openqa.selenium.remote.RemoteWebDriver.findElement(RemoteWebDriver.java:315)
	at io.appium.java_client.DefaultGenericMobileDriver.findElement(DefaultGenericMobileDriver.java:58)
	at io.appium.java_client.AppiumDriver.findElement(AppiumDriver.java:1)
	at io.appium.java_client.android.AndroidDriver.findElement(AndroidDriver.java:1)
	at ReportWrongInfo.Report.wrongInfoReport(Report.java:68)
	at TestClasses.TestClass1.testNoBroker(TestClass1.java:50)
... Removed 29 stack frames]]>
    </failure>
  </testcase> <!-- testNoBroker -->
</testsuite> <!-- Test -->
