<?xml version="1.0" encoding="UTF-8"?>
<testng-results skipped="0" failed="0" total="1" passed="1">
  <reporter-output>
  </reporter-output>
  <suite name="Suite" duration-ms="7383" started-at="2021-06-11T06:48:43Z" finished-at="2021-06-11T06:48:50Z">
    <groups>
    </groups>
    <test name="Test" duration-ms="7383" started-at="2021-06-11T06:48:43Z" finished-at="2021-06-11T06:48:50Z">
      <class name="TestClasses.TestClass1">
        <test-method status="PASS" signature="setup()[pri:0, instance:TestClasses.TestClass1@402a079c]" name="setup" is-config="true" duration-ms="24" started-at="2021-06-11T12:18:43Z" finished-at="2021-06-11T12:18:43Z">
          <reporter-output>
          </reporter-output>
        </test-method> <!-- setup -->
        <test-method status="PASS" signature="testNoBroker()[pri:0, instance:TestClasses.TestClass1@402a079c]" name="testNoBroker" duration-ms="7320" started-at="2021-06-11T12:18:43Z" finished-at="2021-06-11T12:18:50Z">
          <reporter-output>
          </reporter-output>
        </test-method> <!-- testNoBroker -->
      </class> <!-- TestClasses.TestClass1 -->
    </test> <!-- Test -->
  </suite> <!-- Suite -->
</testng-results>
